2025-05-30 20:56:37.408 | INFO     | __main__:predict_on_audio_file:20 - Loading model for prediction...
2025-05-30 20:56:37.698 | INFO     | __main__:predict_on_audio_file:41 - Loaded thresholds from D:\AI_fianl_project\test_CRNN\instr_recognizer_thresholds.npy
2025-05-30 20:56:37.698 | INFO     | __main__:predict_on_audio_file:43 - Processing audio file: D:\AI_fianl_project\slakh2100_flac_redux\slakh2100_flac_redux\test\Track01876\mix.flac
2025-05-30 20:56:39.753 | INFO     | __main__:predict_on_audio_file:65 - --- Predictions for: mix.flac (Segment from 124.49s) ---
2025-05-30 20:56:39.753 | INFO     | __main__:predict_on_audio_file:80 - Instrument Predictions (Max Prob in Segment):
2025-05-30 20:56:39.754 | INFO     | __main__:predict_on_audio_file:83 -   - Electric Bass (finger)   : 0.958 DETECTED (Th: 0.83)
2025-05-30 20:56:39.754 | INFO     | __main__:predict_on_audio_file:83 -   - Acoustic Guitar (steel)  : 0.928 DETECTED (Th: 0.86)
2025-05-30 20:56:39.754 | INFO     | __main__:predict_on_audio_file:83 -   - Electric Piano 1         : 0.902 DETECTED (Th: 0.77)
2025-05-30 20:56:39.754 | INFO     | __main__:predict_on_audio_file:83 -   - Drums                    : 0.899 DETECTED (Th: 0.59)
2025-05-30 20:56:39.754 | INFO     | __main__:predict_on_audio_file:83 -   - Electric Guitar (clean)  : 0.848 DETECTED (Th: 0.69)
2025-05-30 20:56:39.755 | INFO     | __main__:predict_on_audio_file:83 -   - Fretless Bass            : 0.843 DETECTED (Th: 0.74)
2025-05-30 20:56:39.755 | INFO     | __main__:predict_on_audio_file:83 -   - Electric Guitar (jazz)   : 0.825 DETECTED (Th: 0.76)
2025-05-30 20:56:39.755 | INFO     | __main__:predict_on_audio_file:83 -   - Bright Acoustic Piano    : 0.802 DETECTED (Th: 0.45)
2025-05-30 20:56:39.755 | INFO     | __main__:predict_on_audio_file:83 -   - Electric Piano 2         : 0.780 DETECTED (Th: 0.63)
2025-05-30 20:56:39.755 | INFO     | __main__:predict_on_audio_file:83 -   - Acoustic Grand Piano     : 0.744 DETECTED (Th: 0.60)
2025-05-30 20:56:39.755 | INFO     | __main__:predict_on_audio_file:83 -   - Electric Guitar (muted)  : 0.705 DETECTED (Th: 0.67)
2025-05-30 20:56:39.756 | INFO     | __main__:predict_on_audio_file:83 -   - Acoustic Guitar (nylon)  : 0.690  (Th: 0.71)
2025-05-30 20:56:39.756 | INFO     | __main__:predict_on_audio_file:83 -   - Synth Bass 1             : 0.668 DETECTED (Th: 0.59)
2025-05-30 20:56:39.756 | INFO     | __main__:predict_on_audio_file:83 -   - Electric Bass (pick)     : 0.625 DETECTED (Th: 0.43)
2025-05-30 20:56:39.756 | INFO     | __main__:predict_on_audio_file:83 -   - Alto Sax                 : 0.520  (Th: 0.62)
2025-05-30 20:56:39.756 | INFO     | __main__:predict_on_audio_file:83 -   - Rock Organ               : 0.500  (Th: 0.51)
2025-05-30 20:56:39.756 | INFO     | __main__:predict_on_audio_file:83 -   - Overdriven Guitar        : 0.495  (Th: 0.66)
2025-05-30 20:56:39.757 | INFO     | __main__:predict_on_audio_file:83 -   - Choir Aahs               : 0.488  (Th: 0.63)
2025-05-30 20:56:39.757 | INFO     | __main__:predict_on_audio_file:83 -   - Synth Strings 1          : 0.478  (Th: 0.56)
2025-05-30 20:56:39.757 | INFO     | __main__:predict_on_audio_file:83 -   - Lead 3 (calliope)        : 0.446 DETECTED (Th: 0.41)
2025-05-30 20:56:39.757 | INFO     | __main__:predict_on_audio_file:83 -   - String Ensemble 1        : 0.431 DETECTED (Th: 0.43)
2025-05-30 20:56:39.757 | INFO     | __main__:predict_on_audio_file:83 -   - Acoustic Bass            : 0.428 DETECTED (Th: 0.10)
2025-05-30 20:56:39.757 | INFO     | __main__:predict_on_audio_file:83 -   - Electric Grand Piano     : 0.425 DETECTED (Th: 0.29)
2025-05-30 20:56:39.757 | INFO     | __main__:predict_on_audio_file:83 -   - Flute                    : 0.411  (Th: 0.55)
2025-05-30 20:56:39.758 | INFO     | __main__:predict_on_audio_file:83 -   - Tenor Sax                : 0.403  (Th: 0.44)
2025-05-30 20:56:39.758 | INFO     | __main__:predict_on_audio_file:83 -   - Vibraphone               : 0.400  (Th: 0.57)
2025-05-30 20:56:39.758 | INFO     | __main__:predict_on_audio_file:83 -   - Harmonica                : 0.378  (Th: 0.46)
2025-05-30 20:56:39.758 | INFO     | __main__:predict_on_audio_file:83 -   - Pan Flute                : 0.377  (Th: 0.42)
2025-05-30 20:56:39.759 | INFO     | __main__:predict_on_audio_file:83 -   - String Ensemble 2        : 0.373  (Th: 0.50)
2025-05-30 20:56:39.759 | INFO     | __main__:predict_on_audio_file:83 -   - Voice Oohs               : 0.363  (Th: 0.42)
2025-05-30 20:56:39.759 | INFO     | __main__:predict_on_audio_file:83 -   - Synth Bass 2             : 0.356 DETECTED (Th: 0.35)
2025-05-30 20:56:39.759 | INFO     | __main__:predict_on_audio_file:83 -   - Harpsichord              : 0.345 DETECTED (Th: 0.13)
2025-05-30 20:56:39.759 | INFO     | __main__:predict_on_audio_file:83 -   - Honky-tonk Piano         : 0.340 DETECTED (Th: 0.31)
2025-05-30 20:56:39.760 | INFO     | __main__:predict_on_audio_file:83 -   - Synth Brass 1            : 0.340  (Th: 0.35)
2025-05-30 20:56:39.760 | INFO     | __main__:predict_on_audio_file:83 -   - Brass Section            : 0.311  (Th: 0.68)
2025-05-30 20:56:39.760 | INFO     | __main__:predict_on_audio_file:83 -   - Slap Bass 2              : 0.307  (Th: 0.34)
2025-05-30 20:56:39.760 | INFO     | __main__:predict_on_audio_file:83 -   - Distortion Guitar        : 0.290  (Th: 0.43)
2025-05-30 20:56:39.760 | INFO     | __main__:predict_on_audio_file:83 -   - Percussive Organ         : 0.288  (Th: 0.42)
2025-05-30 20:56:39.760 | INFO     | __main__:predict_on_audio_file:83 -   - Clavinet                 : 0.265 DETECTED (Th: 0.23)
2025-05-30 20:56:39.761 | INFO     | __main__:predict_on_audio_file:83 -   - Pad 1 (new age)          : 0.261  (Th: 0.35)
2025-05-30 20:56:39.761 | INFO     | __main__:predict_on_audio_file:83 -   - Lead 8 (bass + lead)     : 0.248  (Th: 0.36)
2025-05-30 20:56:39.761 | INFO     | __main__:predict_on_audio_file:83 -   - Drawbar Organ            : 0.239  (Th: 0.42)
2025-05-30 20:56:39.761 | INFO     | __main__:predict_on_audio_file:83 -   - Clarinet                 : 0.225  (Th: 0.39)
2025-05-30 20:56:39.761 | INFO     | __main__:predict_on_audio_file:83 -   - Pad 3 (polysynth)        : 0.221 DETECTED (Th: 0.19)
2025-05-30 20:56:39.761 | INFO     | __main__:predict_on_audio_file:83 -   - Pad 2 (warm)             : 0.197  (Th: 0.64)
2025-05-30 20:56:39.762 | INFO     | __main__:predict_on_audio_file:83 -   - Lead 2 (sawtooth)        : 0.195  (Th: 0.36)
2025-05-30 20:56:39.762 | INFO     | __main__:predict_on_audio_file:83 -   - Slap Bass 1              : 0.191 DETECTED (Th: 0.05)
2025-05-30 20:56:39.762 | INFO     | __main__:predict_on_audio_file:83 -   - Orchestral Harp          : 0.176 DETECTED (Th: 0.12)
2025-05-30 20:56:39.762 | INFO     | __main__:predict_on_audio_file:83 -   - Trumpet                  : 0.171  (Th: 0.34)
2025-05-30 20:56:39.762 | INFO     | __main__:predict_on_audio_file:83 -   - Pad 7 (halo)             : 0.171  (Th: 0.27)
2025-05-30 20:56:39.762 | INFO     | __main__:predict_on_audio_file:83 -   - FX 5 (brightness)        : 0.155  (Th: 0.18)
2025-05-30 20:56:39.763 | INFO     | __main__:predict_on_audio_file:83 -   - Marimba                  : 0.154  (Th: 0.20)
2025-05-30 20:56:39.763 | INFO     | __main__:predict_on_audio_file:83 -   - Accordion                : 0.152  (Th: 0.19)
2025-05-30 20:56:39.763 | INFO     | __main__:predict_on_audio_file:83 -   - Fiddle                   : 0.127 DETECTED (Th: 0.01)
2025-05-30 20:56:39.763 | INFO     | __main__:predict_on_audio_file:83 -   - Synth Brass 2            : 0.124  (Th: 0.17)
2025-05-30 20:56:39.763 | INFO     | __main__:predict_on_audio_file:83 -   - Oboe                     : 0.121  (Th: 0.51)
2025-05-30 20:56:39.764 | INFO     | __main__:predict_on_audio_file:83 -   - Banjo                    : 0.117  (Th: 0.95)
2025-05-30 20:56:39.764 | INFO     | __main__:predict_on_audio_file:83 -   - Pad 4 (choir)            : 0.116  (Th: 0.24)
2025-05-30 20:56:39.764 | INFO     | __main__:predict_on_audio_file:83 -   - Pad 8 (sweep)            : 0.115 DETECTED (Th: 0.02)
2025-05-30 20:56:39.764 | INFO     | __main__:predict_on_audio_file:83 -   - French Horn              : 0.114  (Th: 0.35)
2025-05-30 20:56:39.764 | INFO     | __main__:predict_on_audio_file:83 -   - Lead 1 (square)          : 0.102  (Th: 0.25)
2025-05-30 20:56:39.765 | INFO     | __main__:predict_on_audio_file:83 -   - Celesta                  : 0.099 DETECTED (Th: 0.03)
2025-05-30 20:56:39.765 | INFO     | __main__:predict_on_audio_file:83 -   - Lead 6 (voice)           : 0.090 DETECTED (Th: 0.03)
2025-05-30 20:56:39.765 | INFO     | __main__:predict_on_audio_file:83 -   - Reed Organ               : 0.088 DETECTED (Th: 0.04)
2025-05-30 20:56:39.765 | INFO     | __main__:predict_on_audio_file:83 -   - Soprano Sax              : 0.084 DETECTED (Th: 0.05)
2025-05-30 20:56:39.765 | INFO     | __main__:predict_on_audio_file:83 -   - FX 7 (echoes)            : 0.077 DETECTED (Th: 0.02)
2025-05-30 20:56:39.765 | INFO     | __main__:predict_on_audio_file:83 -   - FX 4 (atmosphere)        : 0.075 DETECTED (Th: 0.06)
2025-05-30 20:56:39.766 | INFO     | __main__:predict_on_audio_file:83 -   - Muted Trumpet            : 0.075 DETECTED (Th: 0.03)
2025-05-30 20:56:39.766 | INFO     | __main__:predict_on_audio_file:83 -   - Ocarina                  : 0.064 DETECTED (Th: 0.02)
2025-05-30 20:56:39.766 | INFO     | __main__:predict_on_audio_file:83 -   - Baritone Sax             : 0.062 DETECTED (Th: 0.06)
2025-05-30 20:56:39.766 | INFO     | __main__:predict_on_audio_file:83 -   - Timpani                  : 0.054 DETECTED (Th: 0.02)
2025-05-30 20:56:39.766 | INFO     | __main__:predict_on_audio_file:83 -   - Glockenspiel             : 0.053 DETECTED (Th: 0.01)
2025-05-30 20:56:39.766 | INFO     | __main__:predict_on_audio_file:83 -   - Tubular Bells            : 0.051 DETECTED (Th: 0.02)
2025-05-30 20:56:39.766 | INFO     | __main__:predict_on_audio_file:83 -   - Tuba                     : 0.048 DETECTED (Th: 0.04)
2025-05-30 20:56:39.767 | INFO     | __main__:predict_on_audio_file:83 -   - Lead 5 (charang)         : 0.048 DETECTED (Th: 0.01)
2025-05-30 20:56:39.767 | INFO     | __main__:predict_on_audio_file:83 -   - Tremolo Strings          : 0.048 DETECTED (Th: 0.03)
2025-05-30 20:56:39.767 | INFO     | __main__:predict_on_audio_file:83 -   - Reverse Cymbal           : 0.047 DETECTED (Th: 0.03)
2025-05-30 20:56:39.767 | INFO     | __main__:predict_on_audio_file:83 -   - Pad 6 (metallic)         : 0.042 DETECTED (Th: 0.03)
2025-05-30 20:56:39.767 | INFO     | __main__:predict_on_audio_file:83 -   - Synth Drum               : 0.041 DETECTED (Th: 0.02)
2025-05-30 20:56:39.768 | INFO     | __main__:predict_on_audio_file:83 -   - Whistle                  : 0.038 DETECTED (Th: 0.03)
2025-05-30 20:56:39.768 | INFO     | __main__:predict_on_audio_file:83 -   - Contrabass               : 0.032 DETECTED (Th: 0.03)
2025-05-30 20:56:39.768 | INFO     | __main__:predict_on_audio_file:83 -   - Cello                    : 0.032 DETECTED (Th: 0.02)
2025-05-30 20:56:39.768 | INFO     | __main__:predict_on_audio_file:83 -   - Xylophone                : 0.017 DETECTED (Th: 0.01)
2025-05-30 20:56:39.768 | INFO     | __main__:predict_on_audio_file:83 -   - English Horn             : 0.015 DETECTED (Th: 0.01)
2025-05-30 20:56:39.768 | INFO     | __main__:predict_on_audio_file:83 -   - Shamisen                 : 0.013 DETECTED (Th: 0.01)
2025-05-30 20:56:39.769 | INFO     | __main__:predict_on_audio_file:83 -   - Guitar Fret Noise        : 0.010 DETECTED (Th: 0.01)
2025-05-30 20:56:39.769 | INFO     | __main__:predict_on_audio_file:83 -   - Woodblock                : 0.010 DETECTED (Th: 0.01)
2025-05-30 20:58:33.831 | INFO     | __main__:predict_on_audio_file:20 - Loading model for prediction...
2025-05-30 20:58:34.079 | INFO     | __main__:predict_on_audio_file:42 - Loaded thresholds from D:\AI_fianl_project\test_CRNN\instr_recognizer_thresholds.npy
2025-05-30 20:58:34.079 | INFO     | __main__:predict_on_audio_file:44 - Processing audio file: D:\AI_fianl_project\slakh2100_flac_redux\slakh2100_flac_redux\test\Track01876\mix.flac
2025-05-30 20:58:35.728 | INFO     | __main__:predict_on_audio_file:66 - --- Predictions for: mix.flac (Segment from 124.49s) ---
2025-05-30 20:58:35.728 | INFO     | __main__:predict_on_audio_file:81 - Instrument Predictions (Max Prob in Segment):
2025-05-30 20:58:35.728 | INFO     | __main__:predict_on_audio_file:84 -   - Electric Bass (finger)   : 0.958 DETECTED (Th: 0.83)
2025-05-30 20:58:35.728 | INFO     | __main__:predict_on_audio_file:84 -   - Acoustic Guitar (steel)  : 0.928 DETECTED (Th: 0.86)
2025-05-30 20:58:35.729 | INFO     | __main__:predict_on_audio_file:84 -   - Electric Piano 1         : 0.902 DETECTED (Th: 0.77)
2025-05-30 20:58:35.729 | INFO     | __main__:predict_on_audio_file:84 -   - Drums                    : 0.899 DETECTED (Th: 0.68)
2025-05-30 20:58:35.729 | INFO     | __main__:predict_on_audio_file:84 -   - Electric Guitar (clean)  : 0.848 DETECTED (Th: 0.69)
2025-05-30 20:58:35.730 | INFO     | __main__:predict_on_audio_file:84 -   - Fretless Bass            : 0.843 DETECTED (Th: 0.74)
2025-05-30 20:58:35.730 | INFO     | __main__:predict_on_audio_file:84 -   - Electric Guitar (jazz)   : 0.825 DETECTED (Th: 0.76)
2025-05-30 20:58:35.730 | INFO     | __main__:predict_on_audio_file:84 -   - Bright Acoustic Piano    : 0.802 DETECTED (Th: 0.68)
2025-05-30 20:58:35.730 | INFO     | __main__:predict_on_audio_file:84 -   - Electric Piano 2         : 0.780 DETECTED (Th: 0.68)
2025-05-30 20:58:35.730 | INFO     | __main__:predict_on_audio_file:84 -   - Acoustic Grand Piano     : 0.744 DETECTED (Th: 0.68)
2025-05-30 20:58:35.730 | INFO     | __main__:predict_on_audio_file:84 -   - Electric Guitar (muted)  : 0.705 DETECTED (Th: 0.68)
2025-05-30 20:58:35.730 | INFO     | __main__:predict_on_audio_file:84 -   - Acoustic Guitar (nylon)  : 0.690  (Th: 0.71)
2025-05-30 20:58:35.731 | INFO     | __main__:predict_on_audio_file:84 -   - Synth Bass 1             : 0.668  (Th: 0.68)
2025-05-30 20:58:35.731 | INFO     | __main__:predict_on_audio_file:84 -   - Electric Bass (pick)     : 0.625  (Th: 0.68)
2025-05-30 20:58:35.731 | INFO     | __main__:predict_on_audio_file:84 -   - Alto Sax                 : 0.520  (Th: 0.68)
2025-05-30 20:58:35.731 | INFO     | __main__:predict_on_audio_file:84 -   - Rock Organ               : 0.500  (Th: 0.68)
2025-05-30 20:58:35.731 | INFO     | __main__:predict_on_audio_file:84 -   - Overdriven Guitar        : 0.495  (Th: 0.68)
2025-05-30 20:58:35.731 | INFO     | __main__:predict_on_audio_file:84 -   - Choir Aahs               : 0.488  (Th: 0.68)
2025-05-30 20:58:35.732 | INFO     | __main__:predict_on_audio_file:84 -   - Synth Strings 1          : 0.478  (Th: 0.68)
2025-05-30 20:58:35.732 | INFO     | __main__:predict_on_audio_file:84 -   - Lead 3 (calliope)        : 0.446  (Th: 0.68)
2025-05-30 20:58:35.732 | INFO     | __main__:predict_on_audio_file:84 -   - String Ensemble 1        : 0.431  (Th: 0.68)
2025-05-30 20:58:35.732 | INFO     | __main__:predict_on_audio_file:84 -   - Acoustic Bass            : 0.428  (Th: 0.68)
2025-05-30 20:58:35.732 | INFO     | __main__:predict_on_audio_file:84 -   - Electric Grand Piano     : 0.425  (Th: 0.68)
2025-05-30 20:58:35.732 | INFO     | __main__:predict_on_audio_file:84 -   - Flute                    : 0.411  (Th: 0.68)
2025-05-30 20:58:35.732 | INFO     | __main__:predict_on_audio_file:84 -   - Tenor Sax                : 0.403  (Th: 0.68)
2025-05-30 20:58:35.732 | INFO     | __main__:predict_on_audio_file:84 -   - Vibraphone               : 0.400  (Th: 0.68)
2025-05-30 20:58:35.733 | INFO     | __main__:predict_on_audio_file:84 -   - Harmonica                : 0.378  (Th: 0.68)
2025-05-30 20:58:35.733 | INFO     | __main__:predict_on_audio_file:84 -   - Pan Flute                : 0.377  (Th: 0.68)
2025-05-30 20:58:35.733 | INFO     | __main__:predict_on_audio_file:84 -   - String Ensemble 2        : 0.373  (Th: 0.68)
2025-05-30 20:58:35.733 | INFO     | __main__:predict_on_audio_file:84 -   - Voice Oohs               : 0.363  (Th: 0.68)
2025-05-30 20:58:35.733 | INFO     | __main__:predict_on_audio_file:84 -   - Synth Bass 2             : 0.356  (Th: 0.68)
2025-05-30 20:58:35.733 | INFO     | __main__:predict_on_audio_file:84 -   - Harpsichord              : 0.345  (Th: 0.68)
2025-05-30 20:58:35.733 | INFO     | __main__:predict_on_audio_file:84 -   - Honky-tonk Piano         : 0.340  (Th: 0.68)
2025-05-30 20:58:35.734 | INFO     | __main__:predict_on_audio_file:84 -   - Synth Brass 1            : 0.340  (Th: 0.68)
2025-05-30 20:58:35.734 | INFO     | __main__:predict_on_audio_file:84 -   - Brass Section            : 0.311  (Th: 0.68)
2025-05-30 20:58:35.734 | INFO     | __main__:predict_on_audio_file:84 -   - Slap Bass 2              : 0.307  (Th: 0.68)
2025-05-30 20:58:35.735 | INFO     | __main__:predict_on_audio_file:84 -   - Distortion Guitar        : 0.290  (Th: 0.68)
2025-05-30 20:58:35.735 | INFO     | __main__:predict_on_audio_file:84 -   - Percussive Organ         : 0.288  (Th: 0.68)
2025-05-30 20:58:35.735 | INFO     | __main__:predict_on_audio_file:84 -   - Clavinet                 : 0.265  (Th: 0.68)
2025-05-30 20:58:35.735 | INFO     | __main__:predict_on_audio_file:84 -   - Pad 1 (new age)          : 0.261  (Th: 0.68)
2025-05-30 20:58:35.736 | INFO     | __main__:predict_on_audio_file:84 -   - Lead 8 (bass + lead)     : 0.248  (Th: 0.68)
2025-05-30 20:58:35.736 | INFO     | __main__:predict_on_audio_file:84 -   - Drawbar Organ            : 0.239  (Th: 0.68)
2025-05-30 20:58:35.736 | INFO     | __main__:predict_on_audio_file:84 -   - Clarinet                 : 0.225  (Th: 0.68)
2025-05-30 20:58:35.736 | INFO     | __main__:predict_on_audio_file:84 -   - Pad 3 (polysynth)        : 0.221  (Th: 0.68)
2025-05-30 20:58:35.736 | INFO     | __main__:predict_on_audio_file:84 -   - Pad 2 (warm)             : 0.197  (Th: 0.68)
2025-05-30 20:58:35.736 | INFO     | __main__:predict_on_audio_file:84 -   - Lead 2 (sawtooth)        : 0.195  (Th: 0.68)
2025-05-30 20:58:35.736 | INFO     | __main__:predict_on_audio_file:84 -   - Slap Bass 1              : 0.191  (Th: 0.68)
2025-05-30 20:58:35.737 | INFO     | __main__:predict_on_audio_file:84 -   - Orchestral Harp          : 0.176  (Th: 0.68)
2025-05-30 20:58:35.737 | INFO     | __main__:predict_on_audio_file:84 -   - Trumpet                  : 0.171  (Th: 0.68)
2025-05-30 20:58:35.737 | INFO     | __main__:predict_on_audio_file:84 -   - Pad 7 (halo)             : 0.171  (Th: 0.68)
2025-05-30 20:58:35.737 | INFO     | __main__:predict_on_audio_file:84 -   - FX 5 (brightness)        : 0.155  (Th: 0.68)
2025-05-30 20:58:35.737 | INFO     | __main__:predict_on_audio_file:84 -   - Marimba                  : 0.154  (Th: 0.68)
2025-05-30 20:58:35.737 | INFO     | __main__:predict_on_audio_file:84 -   - Accordion                : 0.152  (Th: 0.68)
2025-05-30 20:58:35.738 | INFO     | __main__:predict_on_audio_file:84 -   - Fiddle                   : 0.127  (Th: 0.68)
2025-05-30 20:58:35.738 | INFO     | __main__:predict_on_audio_file:84 -   - Synth Brass 2            : 0.124  (Th: 0.68)
2025-05-30 20:58:35.738 | INFO     | __main__:predict_on_audio_file:84 -   - Oboe                     : 0.121  (Th: 0.68)
2025-05-30 20:58:35.738 | INFO     | __main__:predict_on_audio_file:84 -   - Banjo                    : 0.117  (Th: 0.95)
2025-05-30 20:58:35.739 | INFO     | __main__:predict_on_audio_file:84 -   - Pad 4 (choir)            : 0.116  (Th: 0.68)
2025-05-30 20:58:35.739 | INFO     | __main__:predict_on_audio_file:84 -   - Pad 8 (sweep)            : 0.115  (Th: 0.68)
2025-05-30 20:58:35.739 | INFO     | __main__:predict_on_audio_file:84 -   - French Horn              : 0.114  (Th: 0.68)
2025-05-30 20:58:35.739 | INFO     | __main__:predict_on_audio_file:84 -   - Lead 1 (square)          : 0.102  (Th: 0.68)
2025-05-30 21:00:26.536 | INFO     | __main__:predict_on_audio_file:20 - Loading model for prediction...
2025-05-30 21:00:26.790 | INFO     | __main__:predict_on_audio_file:42 - Loaded thresholds from D:\AI_fianl_project\test_CRNN\instr_recognizer_thresholds.npy
2025-05-30 21:00:26.790 | INFO     | __main__:predict_on_audio_file:44 - Processing audio file: D:\AI_fianl_project\slakh2100_flac_redux\slakh2100_flac_redux\test\Track01876\mix.flac
2025-05-30 21:00:28.408 | INFO     | __main__:predict_on_audio_file:66 - --- Predictions for: mix.flac (Segment from 124.49s) ---
2025-05-30 21:00:28.408 | INFO     | __main__:predict_on_audio_file:82 - Instrument Predictions (Max Prob in Segment):
2025-05-30 21:00:28.408 | INFO     | __main__:predict_on_audio_file:87 -   - Electric Bass (finger)   : 0.958 DETECTED (Th: 0.83)
2025-05-30 21:00:28.408 | INFO     | __main__:predict_on_audio_file:87 -   - Acoustic Guitar (steel)  : 0.928 DETECTED (Th: 0.86)
2025-05-30 21:00:28.408 | INFO     | __main__:predict_on_audio_file:87 -   - Electric Piano 1         : 0.902 DETECTED (Th: 0.77)
2025-05-30 21:00:28.409 | INFO     | __main__:predict_on_audio_file:87 -   - Drums                    : 0.899 DETECTED (Th: 0.68)
2025-05-30 21:00:28.409 | INFO     | __main__:predict_on_audio_file:87 -   - Electric Guitar (clean)  : 0.848 DETECTED (Th: 0.69)
2025-05-30 21:00:28.409 | INFO     | __main__:predict_on_audio_file:87 -   - Fretless Bass            : 0.843 DETECTED (Th: 0.74)
2025-05-30 21:00:28.409 | INFO     | __main__:predict_on_audio_file:87 -   - Electric Guitar (jazz)   : 0.825 DETECTED (Th: 0.76)
2025-05-30 21:00:28.409 | INFO     | __main__:predict_on_audio_file:87 -   - Bright Acoustic Piano    : 0.802 DETECTED (Th: 0.68)
2025-05-30 21:00:28.409 | INFO     | __main__:predict_on_audio_file:87 -   - Electric Piano 2         : 0.780 DETECTED (Th: 0.68)
2025-05-30 21:00:28.410 | INFO     | __main__:predict_on_audio_file:87 -   - Acoustic Grand Piano     : 0.744 DETECTED (Th: 0.68)
2025-05-30 21:00:28.410 | INFO     | __main__:predict_on_audio_file:87 -   - Electric Guitar (muted)  : 0.705 DETECTED (Th: 0.68)
2025-05-30 21:00:28.410 | INFO     | __main__:predict_on_audio_file:87 -   - Acoustic Guitar (nylon)  : 0.690  (Th: 0.71)
2025-05-30 21:00:28.410 | INFO     | __main__:predict_on_audio_file:87 -   - Synth Bass 1             : 0.668  (Th: 0.68)
2025-05-30 21:00:28.410 | INFO     | __main__:predict_on_audio_file:87 -   - Electric Bass (pick)     : 0.625  (Th: 0.68)
2025-05-30 21:00:28.410 | INFO     | __main__:predict_on_audio_file:87 -   - Alto Sax                 : 0.520  (Th: 0.68)
2025-05-30 21:00:28.410 | INFO     | __main__:predict_on_audio_file:87 -   - Rock Organ               : 0.500  (Th: 0.68)
2025-05-30 21:00:28.411 | INFO     | __main__:predict_on_audio_file:87 -   - Overdriven Guitar        : 0.495  (Th: 0.68)
2025-05-30 21:00:28.411 | INFO     | __main__:predict_on_audio_file:87 -   - Choir Aahs               : 0.488  (Th: 0.68)
2025-05-30 21:00:28.411 | INFO     | __main__:predict_on_audio_file:87 -   - Synth Strings 1          : 0.478  (Th: 0.68)
2025-05-30 21:00:28.411 | INFO     | __main__:predict_on_audio_file:87 -   - Lead 3 (calliope)        : 0.446  (Th: 0.68)
2025-05-30 21:00:28.411 | INFO     | __main__:predict_on_audio_file:87 -   - String Ensemble 1        : 0.431  (Th: 0.68)
2025-05-30 21:00:28.411 | INFO     | __main__:predict_on_audio_file:87 -   - Acoustic Bass            : 0.428  (Th: 0.68)
2025-05-30 21:00:28.411 | INFO     | __main__:predict_on_audio_file:87 -   - Electric Grand Piano     : 0.425  (Th: 0.68)
2025-05-30 21:00:28.411 | INFO     | __main__:predict_on_audio_file:87 -   - Flute                    : 0.411  (Th: 0.68)
2025-05-30 21:00:28.411 | INFO     | __main__:predict_on_audio_file:87 -   - Tenor Sax                : 0.403  (Th: 0.68)
2025-05-30 21:00:28.412 | INFO     | __main__:predict_on_audio_file:87 -   - Vibraphone               : 0.400  (Th: 0.68)
2025-05-30 21:00:28.412 | INFO     | __main__:predict_on_audio_file:87 -   - Harmonica                : 0.378  (Th: 0.68)
2025-05-30 21:00:28.412 | INFO     | __main__:predict_on_audio_file:87 -   - Pan Flute                : 0.377  (Th: 0.68)
2025-05-30 21:00:28.412 | INFO     | __main__:predict_on_audio_file:87 -   - String Ensemble 2        : 0.373  (Th: 0.68)
2025-05-30 21:00:28.412 | INFO     | __main__:predict_on_audio_file:87 -   - Voice Oohs               : 0.363  (Th: 0.68)
2025-05-30 21:00:28.412 | INFO     | __main__:predict_on_audio_file:87 -   - Synth Bass 2             : 0.356  (Th: 0.68)
2025-05-30 21:00:28.413 | INFO     | __main__:predict_on_audio_file:87 -   - Harpsichord              : 0.345  (Th: 0.68)
2025-05-30 21:00:28.415 | INFO     | __main__:predict_on_audio_file:87 -   - Honky-tonk Piano         : 0.340  (Th: 0.68)
2025-05-30 21:00:28.415 | INFO     | __main__:predict_on_audio_file:87 -   - Synth Brass 1            : 0.340  (Th: 0.68)
2025-05-30 21:00:28.415 | INFO     | __main__:predict_on_audio_file:87 -   - Brass Section            : 0.311  (Th: 0.68)
2025-05-30 21:00:28.415 | INFO     | __main__:predict_on_audio_file:87 -   - Slap Bass 2              : 0.307  (Th: 0.68)
2025-05-30 21:00:28.415 | INFO     | __main__:predict_on_audio_file:87 -   - Distortion Guitar        : 0.290  (Th: 0.68)
2025-05-30 21:00:28.415 | INFO     | __main__:predict_on_audio_file:87 -   - Percussive Organ         : 0.288  (Th: 0.68)
2025-05-30 21:00:28.415 | INFO     | __main__:predict_on_audio_file:87 -   - Clavinet                 : 0.265  (Th: 0.68)
2025-05-30 21:00:28.415 | INFO     | __main__:predict_on_audio_file:87 -   - Pad 1 (new age)          : 0.261  (Th: 0.68)
2025-05-30 21:00:28.417 | INFO     | __main__:predict_on_audio_file:87 -   - Lead 8 (bass + lead)     : 0.248  (Th: 0.68)
2025-05-30 21:00:28.417 | INFO     | __main__:predict_on_audio_file:87 -   - Drawbar Organ            : 0.239  (Th: 0.68)
2025-05-30 21:00:28.417 | INFO     | __main__:predict_on_audio_file:87 -   - Clarinet                 : 0.225  (Th: 0.68)
2025-05-30 21:00:28.417 | INFO     | __main__:predict_on_audio_file:87 -   - Pad 3 (polysynth)        : 0.221  (Th: 0.68)
2025-05-30 21:00:28.417 | INFO     | __main__:predict_on_audio_file:87 -   - Pad 2 (warm)             : 0.197  (Th: 0.68)
2025-05-30 21:00:28.417 | INFO     | __main__:predict_on_audio_file:87 -   - Lead 2 (sawtooth)        : 0.195  (Th: 0.68)
2025-05-30 21:00:28.417 | INFO     | __main__:predict_on_audio_file:87 -   - Slap Bass 1              : 0.191  (Th: 0.68)
2025-05-30 21:00:28.417 | INFO     | __main__:predict_on_audio_file:87 -   - Orchestral Harp          : 0.176  (Th: 0.68)
2025-05-30 21:00:28.417 | INFO     | __main__:predict_on_audio_file:87 -   - Trumpet                  : 0.171  (Th: 0.68)
2025-05-30 21:00:28.417 | INFO     | __main__:predict_on_audio_file:87 -   - Pad 7 (halo)             : 0.171  (Th: 0.68)
2025-05-30 21:00:28.417 | INFO     | __main__:predict_on_audio_file:87 -   - FX 5 (brightness)        : 0.155  (Th: 0.68)
2025-05-30 21:00:28.417 | INFO     | __main__:predict_on_audio_file:87 -   - Marimba                  : 0.154  (Th: 0.68)
2025-05-30 21:00:28.417 | INFO     | __main__:predict_on_audio_file:87 -   - Accordion                : 0.152  (Th: 0.68)
2025-05-30 21:00:28.417 | INFO     | __main__:predict_on_audio_file:87 -   - Fiddle                   : 0.127  (Th: 0.68)
2025-05-30 21:00:28.418 | INFO     | __main__:predict_on_audio_file:87 -   - Synth Brass 2            : 0.124  (Th: 0.68)
2025-05-30 21:00:28.418 | INFO     | __main__:predict_on_audio_file:87 -   - Oboe                     : 0.121  (Th: 0.68)
2025-05-30 21:00:28.418 | INFO     | __main__:predict_on_audio_file:87 -   - Banjo                    : 0.117  (Th: 0.95)
2025-05-30 21:00:28.418 | INFO     | __main__:predict_on_audio_file:87 -   - Pad 4 (choir)            : 0.116  (Th: 0.68)
2025-05-30 21:00:28.418 | INFO     | __main__:predict_on_audio_file:87 -   - Pad 8 (sweep)            : 0.115  (Th: 0.68)
2025-05-30 21:00:28.419 | INFO     | __main__:predict_on_audio_file:87 -   - French Horn              : 0.114  (Th: 0.68)
2025-05-30 21:00:28.419 | INFO     | __main__:predict_on_audio_file:87 -   - Lead 1 (square)          : 0.102  (Th: 0.68)
