2025-05-30 21:25:04.635 | INFO     | __main__:main:31 - --- Initializing Run ---
2025-05-30 21:25:04.635 | INFO     | __main__:main:32 - Using device: cuda
2025-05-30 21:25:04.635 | INFO     | __main__:main:34 - Full Configuration:
{
  "torch": "<module 'torch' from 'D:\\\\AI_fianl_project\\\\ai_final\\\\Lib\\\\site-packages\\\\torch\\\\__init__.py'>",
  "os": "<module 'os' (frozen)>",
  "DEVICE": "cuda",
  "NUM_WORKERS": 2,
  "SEED": 42,
  "SLAKH_ROOT_DIR": "PATH_TO_YOUR_SLAKH_DATASET/slakh2100_flac_redux/slakh2100_flac_redux",
  "TRAIN_DIR_NAME": "train",
  "VALID_DIR_NAME": "validation",
  "TEST_DIR_NAME": "test",
  "CLASS_JSON_PATH": "PATH_TO_YOUR_SLAKH_UTILS/slakh-utils/midi_inst_values/general_midi_inst_0based.json",
  "SAMPLE_RATE": 22050,
  "SEGMENT_SEC": 10.0,
  "N_MELS": 128,
  "N_FFT": 2048,
  "HOP_LENGTH": 220,
  "NUM_SPECTROGRAM_FRAMES": 1003,
  "SPECAUG_FREQ_MASKS": 2,
  "SPECAUG_TIME_MASKS": 2,
  "SPECAUG_FREQ_MAX_WIDTH": 20,
  "SPECAUG_TIME_MAX_WIDTH": 100,
  "MODEL_CNN_FILTERS": [
    64,
    128,
    256,
    512
  ],
  "MODEL_RNN_UNITS": 256,
  "MODEL_ATTENTION_HEADS": 4,
  "MODEL_DROPOUT_RATE": 0.35,
  "BATCH_SIZE": 8,
  "LEARNING_RATE": 0.0003,
  "WEIGHT_DECAY": 1e-05,
  "EPOCHS": 70,
  "GRAD_CLIP_NORM": 1.0,
  "POS_WEIGHT_CLAMP_MIN": 1.0,
  "POS_WEIGHT_CLAMP_MAX": 12.0,
  "LR_SCHEDULER_PATIENCE": 7,
  "LR_SCHEDULER_FACTOR": 0.5,
  "EARLY_STOPPING_PATIENCE": 15,
  "MODEL_SAVE_DIR": "PATH_TO_YOUR_PROJECT_OUTPUT/trained_models_pytorch_v2",
  "MODEL_FILENAME": "instr_recognizer_best_v2.pth",
  "THRESHOLDS_FILENAME": "instr_recognizer_thresholds_v2.npy",
  "LOG_FILENAME": "training_log_v2.log",
  "PLOT_FILENAME": "training_plot_v2.png",
  "GUI_DISPLAY_PROB_THRESHOLD": 0.1,
  "MIN_AUDIO_DURATION_SEC": 10.5
}
